Arguments: 
  /usr/local/bin/node /Users/newuser/.yarn/bin/yarn.js add @typegoose/typegoose @types/bcryptjs @types/cookie-parser @types/express @types/jsonwebtoken @types/mongoose apollo-server-expres bcryptjs cookie-parser cors dotenv express graphql jsonwebtoken mongodb mongoose reflect-metadata ts-node type-graphql typescript

PATH: 
  /Users/newuser/.yarn/bin:/Users/newuser/.config/yarn/global/node_modules/.bin:/usr/local/mysql/bin:/Library/Frameworks/Python.framework/Versions/3.8/bin:/usr/local/bin:/usr/bin:/bin:/usr/sbin:/sbin:/usr/local/share/dotnet:~/.dotnet/tools:/Library/Apple/usr/bin:/Library/Frameworks/Mono.framework/Versions/Current/Commands:/Applications/Postgres.app/Contents/Versions/latest/bin:/Users/newuser/.cargo/bin:/Users/newuser/Library/Android/sdk/emulator:/Users/newuser/Library/Android/sdk/tools:/Users/newuser/Library/Android/sdk/tools/bin:/Users/newuser/Library/Android/sdk/platform-tools:/Users/newuser/Library/Android/sdk/emulator:/Users/newuser/Library/Android/sdk/tools:/Users/newuser/Library/Android/sdk/tools/bin:/Users/newuser/Library/Android/sdk/platform-tools

Yarn version: 
  1.22.5

Node version: 
  12.16.3

Platform: 
  darwin x64

Trace: 
  Error: https://registry.yarnpkg.com/apollo-server-expres: Not found
      at Request.params.callback [as _callback] (/Users/newuser/.yarn/lib/cli.js:66988:18)
      at Request.self.callback (/Users/newuser/.yarn/lib/cli.js:140749:22)
      at Request.emit (events.js:310:20)
      at Request.<anonymous> (/Users/newuser/.yarn/lib/cli.js:141721:10)
      at Request.emit (events.js:310:20)
      at IncomingMessage.<anonymous> (/Users/newuser/.yarn/lib/cli.js:141643:12)
      at Object.onceWrapper (events.js:416:28)
      at IncomingMessage.emit (events.js:322:22)
      at endReadableNT (_stream_readable.js:1187:12)
      at processTicksAndRejections (internal/process/task_queues.js:84:21)

npm manifest: 
  {
    "name": "server",
    "version": "1.0.0",
    "main": "index.js",
    "license": "MIT"
  }

yarn manifest: 
  No manifest

Lockfile: 
  No lockfile
